<?xml version="1.0" encoding="UTF-8"?>
<testng-results skipped="0" failed="0" total="2" passed="2">
  <reporter-output>
  </reporter-output>
  <suite name="Default suite" duration-ms="151650" started-at="2020-05-19T07:48:16Z" finished-at="2020-05-19T07:50:48Z">
    <groups>
    </groups>
    <test name="Default test" duration-ms="151650" started-at="2020-05-19T07:48:16Z" finished-at="2020-05-19T07:50:48Z">
      <class name="com.training.sanity.tests.RETC_072_ComplexRealEstate_Admin_AddCategoryandPost">
        <test-method status="PASS" signature="setUpBeforeClass()[pri:0, instance:com.training.sanity.tests.RETC_072_ComplexRealEstate_Admin_AddCategoryandPost@5419f379]" name="setUpBeforeClass" is-config="true" duration-ms="9" started-at="2020-05-19T13:18:16Z" finished-at="2020-05-19T13:18:16Z">
          <reporter-output>
          </reporter-output>
        </test-method> <!-- setUpBeforeClass -->
        <test-method status="PASS" signature="setUp()[pri:0, instance:com.training.sanity.tests.RETC_072_ComplexRealEstate_Admin_AddCategoryandPost@5419f379]" name="setUp" is-config="true" duration-ms="34643" started-at="2020-05-19T13:18:16Z" finished-at="2020-05-19T13:18:51Z">
          <reporter-output>
          </reporter-output>
        </test-method> <!-- setUp -->
        <test-method status="PASS" signature="LogintoRealEstateApp()[pri:0, instance:com.training.sanity.tests.RETC_072_ComplexRealEstate_Admin_AddCategoryandPost@5419f379]" name="LogintoRealEstateApp" duration-ms="8903" started-at="2020-05-19T13:18:51Z" finished-at="2020-05-19T13:19:00Z">
          <reporter-output>
          </reporter-output>
        </test-method> <!-- LogintoRealEstateApp -->
        <test-method status="PASS" signature="AdminChangingUserRole()[pri:0, instance:com.training.sanity.tests.RETC_072_ComplexRealEstate_Admin_AddCategoryandPost@5419f379]" name="AdminChangingUserRole" duration-ms="108083" started-at="2020-05-19T13:19:00Z" finished-at="2020-05-19T13:20:48Z">
          <reporter-output>
          </reporter-output>
        </test-method> <!-- AdminChangingUserRole -->
        <test-method status="PASS" signature="tearDown()[pri:0, instance:com.training.sanity.tests.RETC_072_ComplexRealEstate_Admin_AddCategoryandPost@5419f379]" name="tearDown" is-config="true" duration-ms="1894" started-at="2020-05-19T13:20:48Z" finished-at="2020-05-19T13:20:50Z">
          <reporter-output>
          </reporter-output>
        </test-method> <!-- tearDown -->
      </class> <!-- com.training.sanity.tests.RETC_072_ComplexRealEstate_Admin_AddCategoryandPost -->
    </test> <!-- Default test -->
  </suite> <!-- Default suite -->
</testng-results>
